error: Jul-28-2022 22:52:42: 	Validation error: ValidationError: vehicleOption is a required field
error: Jul-28-2022 23:11:13: 	Validation error: ValidationError: vehicleOption is a required field
error: Jul-28-2022 23:12:14: 	Validation error: ValidationError: vehicleOption is a required field
error: Jul-28-2022 23:12:59: 	Validation error: ValidationError: vehicleOption is a required field
error: Jul-30-2022 01:56:33: 	Validation error: ValidationError: vehicleType is a required field
error: Jul-30-2022 01:56:39: 	Validation error: ValidationError: vehicleType is a required field
error: Jul-30-2022 11:15:31: 	Validation error: ValidationError: vehicleOption is a required field
error: Jul-30-2022 11:15:31: 	Validation error: ValidationError: vehicleOption is a required field
error: Jul-30-2022 11:28:30: 	Validation error: ValidationError: addedBy is a required field
error: Jul-30-2022 11:28:44: 	Validation error: ValidationError: addedBy is a required field
error: Jul-31-2022 00:41:47: 	Validation error: ValidationError: vehicleCondition is a required field
error: Jul-31-2022 00:41:47: 	Validation error: ValidationError: vehicleCondition is a required field
error: Jul-31-2022 00:47:02: 	Validation error: ValidationError: vehicleCondition is a required field
error: Jul-31-2022 00:47:02: 	Validation error: ValidationError: vehicleCondition is a required field
error: Jul-31-2022 16:18:23: 	Validation error: ValidationError: fuelType is a required field
error: Jul-31-2022 16:18:23: 	Validation error: ValidationError: fuelType is a required field
error: Jul-31-2022 16:25:12: 	Validation error: ValidationError: fuelType is a required field
error: Jul-31-2022 16:25:12: 	Validation error: ValidationError: fuelType is a required field
error: Aug-01-2022 21:39:48: 	Validation error: ValidationError: addedBy is a required field
error: Aug-01-2022 21:39:48: 	Validation error: ValidationError: addedBy is a required field
error: Aug-01-2022 21:39:48: 	Validation error: ValidationError: addedBy is a required field
error: Aug-01-2022 21:39:48: 	Validation error: ValidationError: addedBy is a required field
error: Aug-01-2022 21:39:48: 	Validation error: ValidationError: addedBy is a required field
error: Aug-01-2022 21:39:48: 	Validation error: ValidationError: addedBy is a required field
error: Aug-01-2022 21:39:48: 	Validation error: ValidationError: addedBy is a required field
error: Aug-01-2022 21:39:48: 	Validation error: ValidationError: addedBy is a required field
error: Aug-01-2022 21:39:48: 	Validation error: ValidationError: addedBy is a required field
error: Aug-01-2022 21:39:48: 	Validation error: ValidationError: addedBy is a required field
error: Aug-01-2022 21:44:37: 	Validation error: ValidationError: addedBy is a required field
error: Aug-01-2022 21:44:37: 	Validation error: ValidationError: addedBy is a required field
error: Aug-01-2022 21:44:37: 	Validation error: ValidationError: addedBy is a required field
error: Aug-01-2022 21:44:37: 	Validation error: ValidationError: addedBy is a required field
error: Aug-01-2022 21:44:37: 	Validation error: ValidationError: addedBy is a required field
error: Aug-01-2022 21:44:37: 	Validation error: ValidationError: addedBy is a required field
error: Aug-01-2022 21:44:37: 	Validation error: ValidationError: addedBy is a required field
error: Aug-01-2022 21:44:37: 	Validation error: ValidationError: addedBy is a required field
error: Aug-01-2022 21:44:37: 	Validation error: ValidationError: addedBy is a required field
error: Aug-01-2022 21:44:37: 	Validation error: ValidationError: addedBy is a required field
